D:\VISUALSTUDIO 2010\ACMPROJECTS\NACHOSDLL\DEBUG\NACHOSDLL.DLL
D:\VISUALSTUDIO 2010\ACMPROJECTS\NACHOSDLL\DEBUG\NACHOSDLL.DLL.MANIFEST
D:\VisualStudio 2010\AcmProjects\NachOsDll\Debug\NachOsDll.exp
D:\VISUALSTUDIO 2010\ACMPROJECTS\NACHOSDLL\DEBUG\NACHOSDLL.ILK
D:\VisualStudio 2010\AcmProjects\NachOsDll\Debug\NachOsDll.lib
D:\VISUALSTUDIO 2010\ACMPROJECTS\NACHOSDLL\DEBUG\NACHOSDLL.PDB
D:\VISUALSTUDIO 2010\ACMPROJECTS\NACHOSDLL\NACHOSDLL\DEBUG\ADDRSPACE.OBJ
D:\VISUALSTUDIO 2010\ACMPROJECTS\NACHOSDLL\NACHOSDLL\DEBUG\ALARM.OBJ
D:\VISUALSTUDIO 2010\ACMPROJECTS\NACHOSDLL\NACHOSDLL\DEBUG\BITMAP.OBJ
D:\VisualStudio 2010\AcmProjects\NachOsDll\NachOsDll\Debug\cl.command.1.tlog
D:\VisualStudio 2010\AcmProjects\NachOsDll\NachOsDll\Debug\CL.read.1.tlog
D:\VisualStudio 2010\AcmProjects\NachOsDll\NachOsDll\Debug\CL.write.1.tlog
D:\VISUALSTUDIO 2010\ACMPROJECTS\NACHOSDLL\NACHOSDLL\DEBUG\DEBUG.OBJ
D:\VISUALSTUDIO 2010\ACMPROJECTS\NACHOSDLL\NACHOSDLL\DEBUG\DIRECTORY.OBJ
D:\VISUALSTUDIO 2010\ACMPROJECTS\NACHOSDLL\NACHOSDLL\DEBUG\EXCEPTION.OBJ
D:\VISUALSTUDIO 2010\ACMPROJECTS\NACHOSDLL\NACHOSDLL\DEBUG\FILEHDR.OBJ
D:\VISUALSTUDIO 2010\ACMPROJECTS\NACHOSDLL\NACHOSDLL\DEBUG\FILESYS.OBJ
D:\VISUALSTUDIO 2010\ACMPROJECTS\NACHOSDLL\NACHOSDLL\DEBUG\HASH.OBJ
D:\VISUALSTUDIO 2010\ACMPROJECTS\NACHOSDLL\NACHOSDLL\DEBUG\KERNEL.OBJ
D:\VISUALSTUDIO 2010\ACMPROJECTS\NACHOSDLL\NACHOSDLL\DEBUG\LIBTEST.OBJ
D:\VisualStudio 2010\AcmProjects\NachOsDll\NachOsDll\Debug\link.command.1.tlog
D:\VisualStudio 2010\AcmProjects\NachOsDll\NachOsDll\Debug\link.read.1.tlog
D:\VisualStudio 2010\AcmProjects\NachOsDll\NachOsDll\Debug\link.write.1.tlog
D:\VISUALSTUDIO 2010\ACMPROJECTS\NACHOSDLL\NACHOSDLL\DEBUG\LIST.OBJ
D:\VisualStudio 2010\AcmProjects\NachOsDll\NachOsDll\Debug\mt.command.1.tlog
D:\VisualStudio 2010\AcmProjects\NachOsDll\NachOsDll\Debug\mt.read.1.tlog
D:\VisualStudio 2010\AcmProjects\NachOsDll\NachOsDll\Debug\mt.write.1.tlog
D:\VISUALSTUDIO 2010\ACMPROJECTS\NACHOSDLL\NACHOSDLL\DEBUG\NACHOSDLL.DLL.INTERMEDIATE.MANIFEST
D:\VisualStudio 2010\AcmProjects\NachOsDll\NachOsDll\Debug\NachOsDll.vcxprojResolveAssemblyReference.cache
D:\VisualStudio 2010\AcmProjects\NachOsDll\NachOsDll\Debug\NachOsDll.write.1.tlog
D:\VISUALSTUDIO 2010\ACMPROJECTS\NACHOSDLL\NACHOSDLL\DEBUG\OPENFILE.OBJ
D:\VISUALSTUDIO 2010\ACMPROJECTS\NACHOSDLL\NACHOSDLL\DEBUG\PBITMAP.OBJ
D:\VISUALSTUDIO 2010\ACMPROJECTS\NACHOSDLL\NACHOSDLL\DEBUG\PROCTABLE.OBJ
D:\VISUALSTUDIO 2010\ACMPROJECTS\NACHOSDLL\NACHOSDLL\DEBUG\SCHEDULER.OBJ
D:\VISUALSTUDIO 2010\ACMPROJECTS\NACHOSDLL\NACHOSDLL\DEBUG\SYNCH.OBJ
D:\VISUALSTUDIO 2010\ACMPROJECTS\NACHOSDLL\NACHOSDLL\DEBUG\SYNCHBITMAP.OBJ
D:\VISUALSTUDIO 2010\ACMPROJECTS\NACHOSDLL\NACHOSDLL\DEBUG\SYNCHCONSOLE.OBJ
D:\VISUALSTUDIO 2010\ACMPROJECTS\NACHOSDLL\NACHOSDLL\DEBUG\SYNCHDISK.OBJ
D:\VISUALSTUDIO 2010\ACMPROJECTS\NACHOSDLL\NACHOSDLL\DEBUG\SYNCHLIST.OBJ
D:\VISUALSTUDIO 2010\ACMPROJECTS\NACHOSDLL\NACHOSDLL\DEBUG\SYSDEP.OBJ
D:\VISUALSTUDIO 2010\ACMPROJECTS\NACHOSDLL\NACHOSDLL\DEBUG\TABLE.OBJ
D:\VISUALSTUDIO 2010\ACMPROJECTS\NACHOSDLL\NACHOSDLL\DEBUG\THREAD.OBJ
D:\VISUALSTUDIO 2010\ACMPROJECTS\NACHOSDLL\NACHOSDLL\DEBUG\TIMER.OBJ
D:\VISUALSTUDIO 2010\ACMPROJECTS\NACHOSDLL\NACHOSDLL\DEBUG\TRANSLATE.OBJ
D:\VisualStudio 2010\AcmProjects\NachOsDll\NachOsDll\Debug\vc100.idb
D:\VISUALSTUDIO 2010\ACMPROJECTS\NACHOSDLL\NACHOSDLL\DEBUG\VC100.PDB
