生成启动时间为 4/12/2014 3:35:55 PM。
     1>项目“E:\Github\Custom--NachOS\MIPSVirtualMachine\MIPSVirtualMachine\MIPSVirtualMachine.vcxproj”在节点 2 上(build 个目标)。
     1>InitializeBuildStatus:
         正在创建“Debug\MIPSVirtualMachine.unsuccessfulbuild”，因为已指定“AlwaysCreate”。
       ClCompile:
         D:\Microsoft Visual Studio 10.0\VC\bin\CL.exe /c /I"E:\Github\Custom--NachOS\NachOsDll\NachOsDll" /Zi /nologo /W3 /WX- /Od /Oy- /D WIN32 /D _DEBUG /D _CONSOLE /D _UNICODE /D UNICODE /Gm /EHsc /RTC1 /MDd /GS /fp:precise /Zc:wchar_t /Zc:forScope /Fo"Debug\\" /Fd"Debug\vc100.pdb" /Gd /TP /analyze- /errorReport:prompt main.cpp
         main.cpp
     1>e:\github\custom--nachos\nachosdll\nachosdll\sysdep.h(72): warning C4273: “atoi”: dll 链接不一致
                 D:\Microsoft Visual Studio 10.0\VC\include\stdlib.h(405) : 参见“atoi”的前一个定义
     1>e:\github\custom--nachos\nachosdll\nachosdll\sysdep.h(73): warning C4273: “atof”: dll 链接不一致
                 D:\Microsoft Visual Studio 10.0\VC\include\math.h(130) : 参见“atof”的前一个定义
     1>e:\github\custom--nachos\nachosdll\nachosdll\openfile.h(114): warning C4150: 删除指向不完整“FileHeader”类型的指针；没有调用析构函数
                 e:\github\custom--nachos\nachosdll\nachosdll\openfile.h(31) : 参见“FileHeader”的声明
         所有输出均为最新。
       Link:
         D:\Microsoft Visual Studio 10.0\VC\bin\link.exe /ERRORREPORT:PROMPT /OUT:"E:\Github\Custom--NachOS\MIPSVirtualMachine\Debug\MIPSVirtualMachine.exe" /INCREMENTAL /NOLOGO kernel32.lib user32.lib gdi32.lib winspool.lib comdlg32.lib advapi32.lib shell32.lib ole32.lib oleaut32.lib uuid.lib odbc32.lib odbccp32.lib /MANIFEST /ManifestFile:"Debug\MIPSVirtualMachine.exe.intermediate.manifest" /MANIFESTUAC:"level='asInvoker' uiAccess='false'" /DEBUG /PDB:"E:\Github\Custom--NachOS\MIPSVirtualMachine\Debug\MIPSVirtualMachine.pdb" /SUBSYSTEM:CONSOLE /TLBID:1 /DYNAMICBASE /NXCOMPAT /IMPLIB:"E:\Github\Custom--NachOS\MIPSVirtualMachine\Debug\MIPSVirtualMachine.lib" /MACHINE:X86 Debug\console.obj
         Debug\disk.obj
         Debug\interrupt.obj
         Debug\machine.obj
         Debug\main.obj
         Debug\mipssim.obj
         Debug\network.obj
         Debug\post.obj
         Debug\stats.obj
         Debug\timer.obj
         MIPSVirtualMachine.vcxproj -> E:\Github\Custom--NachOS\MIPSVirtualMachine\Debug\MIPSVirtualMachine.exe
       Manifest:
         C:\Program Files\Microsoft SDKs\Windows\v7.0A\bin\mt.exe /nologo /verbose /out:"E:\Github\Custom--NachOS\MIPSVirtualMachine\Debug\MIPSVirtualMachine.exe.manifest" /manifest Debug\MIPSVirtualMachine.exe.intermediate.manifest
       FinalizeBuildStatus:
         正在删除文件“Debug\MIPSVirtualMachine.unsuccessfulbuild”。
         正在对“Debug\MIPSVirtualMachine.lastbuildstate”执行 Touch 任务。
     1>已完成生成项目“E:\Github\Custom--NachOS\MIPSVirtualMachine\MIPSVirtualMachine\MIPSVirtualMachine.vcxproj”(build 个目标)的操作。

生成成功。

已用时间 00:00:04.32
