D:\VISUALSTUDIO 2010\ACMPROJECTS\MIPSVIRTUALMACHINE\DEBUG\MIPSVIRTUALMACHINE.EXE
D:\VISUALSTUDIO 2010\ACMPROJECTS\MIPSVIRTUALMACHINE\DEBUG\MIPSVIRTUALMACHINE.EXE.MANIFEST
D:\VisualStudio 2010\AcmProjects\MIPSVirtualMachine\Debug\MIPSVirtualMachine.exp
D:\VISUALSTUDIO 2010\ACMPROJECTS\MIPSVIRTUALMACHINE\DEBUG\MIPSVIRTUALMACHINE.ILK
D:\VisualStudio 2010\AcmProjects\MIPSVirtualMachine\Debug\MIPSVirtualMachine.lib
D:\VISUALSTUDIO 2010\ACMPROJECTS\MIPSVIRTUALMACHINE\DEBUG\MIPSVIRTUALMACHINE.PDB
D:\VisualStudio 2010\AcmProjects\MIPSVirtualMachine\MIPSVirtualMachine\Debug\cl.command.1.tlog
D:\VisualStudio 2010\AcmProjects\MIPSVirtualMachine\MIPSVirtualMachine\Debug\CL.read.1.tlog
D:\VisualStudio 2010\AcmProjects\MIPSVirtualMachine\MIPSVirtualMachine\Debug\CL.write.1.tlog
D:\VISUALSTUDIO 2010\ACMPROJECTS\MIPSVIRTUALMACHINE\MIPSVIRTUALMACHINE\DEBUG\CONSOLE.OBJ
D:\VISUALSTUDIO 2010\ACMPROJECTS\MIPSVIRTUALMACHINE\MIPSVIRTUALMACHINE\DEBUG\DISK.OBJ
D:\VISUALSTUDIO 2010\ACMPROJECTS\MIPSVIRTUALMACHINE\MIPSVIRTUALMACHINE\DEBUG\INTERRUPT.OBJ
D:\VisualStudio 2010\AcmProjects\MIPSVirtualMachine\MIPSVirtualMachine\Debug\link.2248.read.1.tlog
D:\VisualStudio 2010\AcmProjects\MIPSVirtualMachine\MIPSVirtualMachine\Debug\link.2248.write.1.tlog
D:\VisualStudio 2010\AcmProjects\MIPSVirtualMachine\MIPSVirtualMachine\Debug\link.9768.read.1.tlog
D:\VisualStudio 2010\AcmProjects\MIPSVirtualMachine\MIPSVirtualMachine\Debug\link.9768.write.1.tlog
D:\VisualStudio 2010\AcmProjects\MIPSVirtualMachine\MIPSVirtualMachine\Debug\link.command.1.tlog
D:\VisualStudio 2010\AcmProjects\MIPSVirtualMachine\MIPSVirtualMachine\Debug\link.read.1.tlog
D:\VisualStudio 2010\AcmProjects\MIPSVirtualMachine\MIPSVirtualMachine\Debug\link.write.1.tlog
D:\VISUALSTUDIO 2010\ACMPROJECTS\MIPSVIRTUALMACHINE\MIPSVIRTUALMACHINE\DEBUG\MACHINE.OBJ
D:\VISUALSTUDIO 2010\ACMPROJECTS\MIPSVIRTUALMACHINE\MIPSVIRTUALMACHINE\DEBUG\MAIN.OBJ
D:\VISUALSTUDIO 2010\ACMPROJECTS\MIPSVIRTUALMACHINE\MIPSVIRTUALMACHINE\DEBUG\MIPSSIM.OBJ
D:\VISUALSTUDIO 2010\ACMPROJECTS\MIPSVIRTUALMACHINE\MIPSVIRTUALMACHINE\DEBUG\MIPSVIRTUALMACHINE.EXE.INTERMEDIATE.MANIFEST
D:\VisualStudio 2010\AcmProjects\MIPSVirtualMachine\MIPSVirtualMachine\Debug\MIPSVirtualMachine.vcxprojResolveAssemblyReference.cache
D:\VisualStudio 2010\AcmProjects\MIPSVirtualMachine\MIPSVirtualMachine\Debug\MIPSVirtualMachine.write.1.tlog
D:\VisualStudio 2010\AcmProjects\MIPSVirtualMachine\MIPSVirtualMachine\Debug\mt.command.1.tlog
D:\VisualStudio 2010\AcmProjects\MIPSVirtualMachine\MIPSVirtualMachine\Debug\mt.read.1.tlog
D:\VisualStudio 2010\AcmProjects\MIPSVirtualMachine\MIPSVirtualMachine\Debug\mt.write.1.tlog
D:\VISUALSTUDIO 2010\ACMPROJECTS\MIPSVIRTUALMACHINE\MIPSVIRTUALMACHINE\DEBUG\NETWORK.OBJ
D:\VISUALSTUDIO 2010\ACMPROJECTS\MIPSVIRTUALMACHINE\MIPSVIRTUALMACHINE\DEBUG\POST.OBJ
D:\VISUALSTUDIO 2010\ACMPROJECTS\MIPSVIRTUALMACHINE\MIPSVIRTUALMACHINE\DEBUG\STATS.OBJ
D:\VISUALSTUDIO 2010\ACMPROJECTS\MIPSVIRTUALMACHINE\MIPSVIRTUALMACHINE\DEBUG\TIMER.OBJ
D:\VisualStudio 2010\AcmProjects\MIPSVirtualMachine\MIPSVirtualMachine\Debug\vc100.idb
D:\VISUALSTUDIO 2010\ACMPROJECTS\MIPSVIRTUALMACHINE\MIPSVIRTUALMACHINE\DEBUG\VC100.PDB
